<?xml version="1.0" encoding="UTF-8"?>
<!-- Generated by org.testng.reporters.JUnitReportReporter -->
<testsuite hostname="vinod-PC" name="restAssured.RestAssuredFramework.getEmployees" tests="1" failures="0" timestamp="1 Nov 2019 17:59:55 GMT" time="5.132" errors="0">
  <testcase name="putValidation" time="5.132" classname="restAssured.RestAssuredFramework.getEmployees"/>
</testsuite> <!-- restAssured.RestAssuredFramework.getEmployees -->
