<?xml version="1.0" encoding="UTF-8"?>
<!-- Generated by org.testng.reporters.JUnitReportReporter -->
<testsuite hostname="vinod-PC" name="restAssured.RestAssuredFramework.PutValidation" tests="1" failures="0" timestamp="1 Nov 2019 07:00:50 GMT" time="5.358" errors="0">
  <testcase name="putValidation" time="5.358" classname="restAssured.RestAssuredFramework.PutValidation"/>
</testsuite> <!-- restAssured.RestAssuredFramework.PutValidation -->
